\BOOKMARK [1][-]{section.1}{Introduction}{}% 1
\BOOKMARK [1][-]{section.2}{Theory}{}% 2
\BOOKMARK [2][-]{subsection.2.1}{VADER Sentiment Intensity Analysis}{section.2}% 3
\BOOKMARK [2][-]{subsection.2.2}{Naive Bayes}{section.2}% 4
\BOOKMARK [2][-]{subsection.2.3}{Logistic Regression}{section.2}% 5
\BOOKMARK [2][-]{subsection.2.4}{Stochastic Gradient Descent}{section.2}% 6
\BOOKMARK [2][-]{subsection.2.5}{Classification report - Accuracy, precision , recall , f1-score and support}{section.2}% 7
\BOOKMARK [2][-]{subsection.2.6}{Clustering - k-Means}{section.2}% 8
\BOOKMARK [1][-]{section.3}{Data}{}% 9
\BOOKMARK [2][-]{subsection.3.1}{Emotions in Cryptocurrency related tweets}{section.3}% 10
\BOOKMARK [2][-]{subsection.3.2}{Training and Testing Twitter data}{section.3}% 11
\BOOKMARK [2][-]{subsection.3.3}{Current Twitter data}{section.3}% 12
\BOOKMARK [2][-]{subsection.3.4}{Code}{section.3}% 13
\BOOKMARK [1][-]{section.4}{Method}{}% 14
\BOOKMARK [2][-]{subsection.4.1}{Wordclouds}{section.4}% 15
\BOOKMARK [2][-]{subsection.4.2}{Sentiment Intensity}{section.4}% 16
\BOOKMARK [2][-]{subsection.4.3}{Baseline}{section.4}% 17
\BOOKMARK [2][-]{subsection.4.4}{Classification}{section.4}% 18
\BOOKMARK [2][-]{subsection.4.5}{Clustering - k-means}{section.4}% 19
\BOOKMARK [1][-]{section.5}{Results}{}% 20
\BOOKMARK [2][-]{subsection.5.1}{Baseline}{section.5}% 21
\BOOKMARK [2][-]{subsection.5.2}{Most common words by emotion}{section.5}% 22
\BOOKMARK [2][-]{subsection.5.3}{VADER}{section.5}% 23
\BOOKMARK [2][-]{subsection.5.4}{Naive Bayes}{section.5}% 24
\BOOKMARK [2][-]{subsection.5.5}{Logistic Regression}{section.5}% 25
\BOOKMARK [2][-]{subsection.5.6}{Stochastic Gradient Descent}{section.5}% 26
\BOOKMARK [2][-]{subsection.5.7}{Prediction of current sentiment}{section.5}% 27
\BOOKMARK [2][-]{subsection.5.8}{Clustering - k-means}{section.5}% 28
\BOOKMARK [1][-]{section.6}{Discussion}{}% 29
\BOOKMARK [1][-]{section.7}{Conclusion}{}% 30
